0 info it worked if it ends with ok
1 verbose cli [ 'node', '/usr/local/bin/npm', 'install', 'node-router' ]
2 info using npm@1.3.11
3 info using node@v0.10.21
4 verbose cache add [ 'node-router', null ]
5 verbose cache add name=undefined spec="node-router" args=["node-router",null]
6 verbose parsed url { protocol: null,
6 verbose parsed url   slashes: null,
6 verbose parsed url   auth: null,
6 verbose parsed url   host: null,
6 verbose parsed url   port: null,
6 verbose parsed url   hostname: null,
6 verbose parsed url   hash: null,
6 verbose parsed url   search: null,
6 verbose parsed url   query: null,
6 verbose parsed url   pathname: 'node-router',
6 verbose parsed url   path: 'node-router',
6 verbose parsed url   href: 'node-router' }
7 silly lockFile 3d53adf6-node-router node-router
8 verbose lock node-router /Users/andrew/.npm/3d53adf6-node-router.lock
9 silly lockFile 3d53adf6-node-router node-router
10 silly lockFile 3d53adf6-node-router node-router
11 verbose addNamed [ 'node-router', '' ]
12 verbose addNamed [ null, '*' ]
13 silly lockFile 00b49a43-node-router node-router@
14 verbose lock node-router@ /Users/andrew/.npm/00b49a43-node-router.lock
15 silly addNameRange { name: 'node-router', range: '*', hasData: false }
16 verbose url raw node-router
17 verbose url resolving [ 'https://registry.npmjs.org/', './node-router' ]
18 verbose url resolved https://registry.npmjs.org/node-router
19 info trying registry request attempt 1 at 22:29:01
20 http GET https://registry.npmjs.org/node-router
21 http 404 https://registry.npmjs.org/node-router
22 silly registry.get cb [ 404,
22 silly registry.get   { server: 'CouchDB/1.3.1 (Erlang OTP/R15B03)',
22 silly registry.get     date: 'Wed, 25 Dec 2013 06:29:03 GMT',
22 silly registry.get     'content-type': 'application/json',
22 silly registry.get     'content-length': '52',
22 silly registry.get     'cache-control': 'must-revalidate' } ]
23 silly lockFile 00b49a43-node-router node-router@
24 silly lockFile 00b49a43-node-router node-router@
25 error 404 'node-router' is not in the npm registry.
25 error 404 You should bug the author to publish it
25 error 404
25 error 404 Maybe try 'npm search router'
25 error 404
25 error 404 Note that you can also install from a
25 error 404 tarball, folder, or http url, or git url.
26 error System Darwin 13.0.0
27 error command "node" "/usr/local/bin/npm" "install" "node-router"
28 error cwd /Users/andrew/Google Drive/heka/projects/experiments/node/hello_world_router
29 error node -v v0.10.21
30 error npm -v 1.3.11
31 error code E404
32 verbose exit [ 1, true ]
