0 info it worked if it ends with ok
1 verbose cli [ '/Users/andrew/.nvm/versions/node/v5.5.0/bin/node',
1 verbose cli   '/Users/andrew/.nvm/versions/node/v5.5.0/bin/npm',
1 verbose cli   'install',
1 verbose cli   '-g',
1 verbose cli   'stream-adventure' ]
2 info using npm@3.3.12
3 info using node@v5.5.0
4 silly loadCurrentTree Starting
5 silly install loadCurrentTree
6 silly install readGlobalPackageData
7 silly fetchPackageMetaData stream-adventure
8 silly fetchNamedPackageData stream-adventure
9 silly mapToRegistry name stream-adventure
10 silly mapToRegistry using default registry
11 silly mapToRegistry registry https://registry.npmjs.org/
12 silly mapToRegistry uri https://registry.npmjs.org/stream-adventure
13 verbose request uri https://registry.npmjs.org/stream-adventure
14 verbose request no auth needed
15 info attempt registry request try #1 at 8:51:45 AM
16 verbose request id bcb5e5c309926aae
17 http request GET https://registry.npmjs.org/stream-adventure
18 info retry will retry, error on last attempt: Error: getaddrinfo ENOTFOUND registry.npmjs.org registry.npmjs.org:443
19 info attempt registry request try #2 at 8:51:55 AM
20 http request GET https://registry.npmjs.org/stream-adventure
21 info retry will retry, error on last attempt: Error: getaddrinfo ENOTFOUND registry.npmjs.org registry.npmjs.org:443
22 info attempt registry request try #3 at 8:52:56 AM
23 http request GET https://registry.npmjs.org/stream-adventure
24 silly fetchPackageMetaData Error: getaddrinfo ENOTFOUND registry.npmjs.org registry.npmjs.org:443
24 silly fetchPackageMetaData     at errnoException (dns.js:26:10)
24 silly fetchPackageMetaData     at GetAddrInfoReqWrap.onlookup [as oncomplete] (dns.js:77:26)
24 silly fetchPackageMetaData  error for stream-adventure { [Error: getaddrinfo ENOTFOUND registry.npmjs.org registry.npmjs.org:443]
24 silly fetchPackageMetaData   code: 'ENOTFOUND',
24 silly fetchPackageMetaData   errno: 'ENOTFOUND',
24 silly fetchPackageMetaData   syscall: 'getaddrinfo',
24 silly fetchPackageMetaData   hostname: 'registry.npmjs.org',
24 silly fetchPackageMetaData   host: 'registry.npmjs.org',
24 silly fetchPackageMetaData   port: 443 }
25 silly rollbackFailedOptional Starting
26 silly rollbackFailedOptional Finishing
27 silly runTopLevelLifecycles Starting
28 silly runTopLevelLifecycles Finishing
29 silly install printInstalled
30 verbose stack Error: getaddrinfo ENOTFOUND registry.npmjs.org registry.npmjs.org:443
30 verbose stack     at errnoException (dns.js:26:10)
30 verbose stack     at GetAddrInfoReqWrap.onlookup [as oncomplete] (dns.js:77:26)
31 verbose cwd /Users/andrew/drive/projects/experiments/javascript/nodejs/nodeschool.io/stream-adventure
32 error Darwin 15.4.0
33 error argv "/Users/andrew/.nvm/versions/node/v5.5.0/bin/node" "/Users/andrew/.nvm/versions/node/v5.5.0/bin/npm" "install" "-g" "stream-adventure"
34 error node v5.5.0
35 error npm  v3.3.12
36 error code ENOTFOUND
37 error errno ENOTFOUND
38 error syscall getaddrinfo
39 error network getaddrinfo ENOTFOUND registry.npmjs.org registry.npmjs.org:443
39 error network This is most likely not a problem with npm itself
39 error network and is related to network connectivity.
39 error network In most cases you are behind a proxy or have bad network settings.
39 error network
39 error network If you are behind a proxy, please make sure that the
39 error network 'proxy' config is set properly.  See: 'npm help config'
40 verbose exit [ 1, true ]
